<?xml version="1.0" encoding="UTF-8"?>
<!-- Generated by org.testng.reporters.JUnitReportReporter -->
<testsuite hostname="LAPTOP-C4S7KMOT" name="ke.co.noel.LoginFormTest" tests="5" failures="0" timestamp="8 Aug 2019 14:24:40 GMT" time="15.611" errors="0">
  <testcase name="loginWithEmptyCredentials" time="6.926" classname="ke.co.noel.LoginFormTest"/>
  <testcase name="verifyLoginFormIsDisplayed" time="0.234" classname="ke.co.noel.LoginFormTest"/>
  <testcase name="successfulLogin" time="2.281" classname="ke.co.noel.LoginFormTest"/>
  <testcase name="loginWithInvalidCredentials" time="4.604" classname="ke.co.noel.LoginFormTest"/>
  <testcase name="emailFieldValidation" time="1.566" classname="ke.co.noel.LoginFormTest"/>
</testsuite> <!-- ke.co.noel.LoginFormTest -->
